# JRE version: OpenJDK Runtime Environment Temurin-21.0.4+7 (21.0.4+7) (build 21.0.4+7-LTS)
# Java VM: OpenJDK 64-Bit Server VM Temurin-21.0.4+7 (21.0.4+7-LTS, mixed mode, emulated-client, sharing, tiered, compressed oops, compressed class ptrs, g1 gc, windows-amd64)
GC Precious Log:
 CardTable entry size: 512
 Card Set container configuration: InlinePtr #cards 4 size 8 Array Of Cards #cards 32 size 80 Howl #buckets 8 coarsen threshold 7372 Howl Bitmap #cards 1024 size 144 coarsen threshold 921 Card regions per heap region 1 cards per card region 8192
 CPUs: 16 total, 16 available
 Memory: 32173M
 Large Page Support: Disabled
 NUMA Support: Disabled
 Compressed Oops: Enabled (Zero based)
 Heap Region Size: 4M
 Heap Min Capacity: 8M
 Heap Initial Capacity: 504M
 Heap Max Capacity: 8044M
 Pre-touch: Disabled
 Parallel Workers: 13
 Concurrent Workers: 3
 Concurrent Refinement Workers: 13
 Periodic GC: Disabled
Heap:
 garbage-first heap   total 69632K, used 34846K [0x0000000609400000, 0x0000000800000000)
  region size 4096K, 1 young (4096K), 1 survivors (4096K)
 Metaspace       used 52317K, committed 52992K, reserved 1114112K
  class space    used 7435K, committed 7744K, reserved 1048576K
GC Heap History (20 events):
Event: 3.962 GC heap after
{Heap after GC invocations=4 (full 0):
 garbage-first heap   total 516096K, used 15075K [0x0000000609400000, 0x0000000800000000)
  region size 4096K, 2 young (8192K), 2 survivors (8192K)
 Metaspace       used 18365K, committed 18752K, reserved 1114112K
  class space    used 2525K, committed 2688K, reserved 1048576K
}
Event: 5.309 GC heap before
{Heap before GC invocations=5 (full 0):
 garbage-first heap   total 69632K, used 47843K [0x0000000609400000, 0x0000000800000000)
  region size 4096K, 10 young (40960K), 2 survivors (8192K)
 Metaspace       used 23623K, committed 24064K, reserved 1114112K
  class space    used 3274K, committed 3456K, reserved 1048576K
}
Event: 5.313 GC heap after
{Heap after GC invocations=6 (full 0):
 garbage-first heap   total 69632K, used 17254K [0x0000000609400000, 0x0000000800000000)
  region size 4096K, 2 young (8192K), 2 survivors (8192K)
 Metaspace       used 23623K, committed 24064K, reserved 1114112K
  class space    used 3274K, committed 3456K, reserved 1048576K
}
Event: 6.385 GC heap before
{Heap before GC invocations=6 (full 0):
 garbage-first heap   total 69632K, used 50022K [0x0000000609400000, 0x0000000800000000)
  region size 4096K, 10 young (40960K), 2 survivors (8192K)
 Metaspace       used 26212K, committed 26752K, reserved 1114112K
  class space    used 3583K, committed 3776K, reserved 1048576K
}
Event: 6.391 GC heap after
{Heap after GC invocations=7 (full 0):
 garbage-first heap   total 69632K, used 19518K [0x0000000609400000, 0x0000000800000000)
  region size 4096K, 2 young (8192K), 2 survivors (8192K)
 Metaspace       used 26212K, committed 26752K, reserved 1114112K
  class space    used 3583K, committed 3776K, reserved 1048576K
}
Event: 7.116 GC heap before
{Heap before GC invocations=7 (full 0):
 garbage-first heap   total 69632K, used 48190K [0x0000000609400000, 0x0000000800000000)
  region size 4096K, 9 young (36864K), 2 survivors (8192K)
 Metaspace       used 28034K, committed 28544K, reserved 1114112K
  class space    used 3850K, committed 4032K, reserved 1048576K
}
Event: 7.119 GC heap after
{Heap after GC invocations=8 (full 0):
 garbage-first heap   total 69632K, used 20637K [0x0000000609400000, 0x0000000800000000)
  region size 4096K, 2 young (8192K), 2 survivors (8192K)
 Metaspace       used 28034K, committed 28544K, reserved 1114112K
  class space    used 3850K, committed 4032K, reserved 1048576K
}
Event: 8.095 GC heap before
{Heap before GC invocations=8 (full 0):
 garbage-first heap   total 69632K, used 45213K [0x0000000609400000, 0x0000000800000000)
  region size 4096K, 9 young (36864K), 2 survivors (8192K)
 Metaspace       used 30841K, committed 31296K, reserved 1114112K
  class space    used 4377K, committed 4544K, reserved 1048576K
}
Event: 8.098 GC heap after
{Heap after GC invocations=9 (full 0):
 garbage-first heap   total 69632K, used 21844K [0x0000000609400000, 0x0000000800000000)
  region size 4096K, 2 young (8192K), 2 survivors (8192K)
 Metaspace       used 30841K, committed 31296K, reserved 1114112K
  class space    used 4377K, committed 4544K, reserved 1048576K
}
Event: 9.122 GC heap before
{Heap before GC invocations=10 (full 0):
 garbage-first heap   total 69632K, used 54612K [0x0000000609400000, 0x0000000800000000)
  region size 4096K, 10 young (40960K), 2 survivors (8192K)
 Metaspace       used 35434K, committed 36032K, reserved 1114112K
  class space    used 5039K, committed 5312K, reserved 1048576K
}
Event: 9.126 GC heap after
{Heap after GC invocations=11 (full 0):
 garbage-first heap   total 69632K, used 24430K [0x0000000609400000, 0x0000000800000000)
  region size 4096K, 2 young (8192K), 2 survivors (8192K)
 Metaspace       used 35434K, committed 36032K, reserved 1114112K
  class space    used 5039K, committed 5312K, reserved 1048576K
}
Event: 9.836 GC heap before
{Heap before GC invocations=11 (full 0):
 garbage-first heap   total 69632K, used 53102K [0x0000000609400000, 0x0000000800000000)
  region size 4096K, 9 young (36864K), 2 survivors (8192K)
 Metaspace       used 38828K, committed 39424K, reserved 1114112K
  class space    used 5520K, committed 5760K, reserved 1048576K
}
Event: 9.842 GC heap after
{Heap after GC invocations=12 (full 0):
 garbage-first heap   total 69632K, used 27015K [0x0000000609400000, 0x0000000800000000)
  region size 4096K, 2 young (8192K), 2 survivors (8192K)
 Metaspace       used 38828K, committed 39424K, reserved 1114112K
  class space    used 5520K, committed 5760K, reserved 1048576K
}
Event: 10.020 GC heap before
{Heap before GC invocations=12 (full 0):
 garbage-first heap   total 69632K, used 51591K [0x0000000609400000, 0x0000000800000000)
  region size 4096K, 9 young (36864K), 2 survivors (8192K)
 Metaspace       used 40379K, committed 41024K, reserved 1114112K
  class space    used 5675K, committed 5952K, reserved 1048576K
}
Event: 10.025 GC heap after
{Heap after GC invocations=13 (full 0):
 garbage-first heap   total 69632K, used 30500K [0x0000000609400000, 0x0000000800000000)
  region size 4096K, 2 young (8192K), 2 survivors (8192K)
 Metaspace       used 40379K, committed 41024K, reserved 1114112K
  class space    used 5675K, committed 5952K, reserved 1048576K
}
Event: 10.520 GC heap before
{Heap before GC invocations=13 (full 0):
 garbage-first heap   total 69632K, used 55076K [0x0000000609400000, 0x0000000800000000)
  region size 4096K, 8 young (32768K), 2 survivors (8192K)
 Metaspace       used 42464K, committed 43136K, reserved 1114112K
  class space    used 5967K, committed 6272K, reserved 1048576K
}
Event: 10.524 GC heap after
{Heap after GC invocations=14 (full 0):
 garbage-first heap   total 69632K, used 31932K [0x0000000609400000, 0x0000000800000000)
  region size 4096K, 1 young (4096K), 1 survivors (4096K)
 Metaspace       used 42464K, committed 43136K, reserved 1114112K
  class space    used 5967K, committed 6272K, reserved 1048576K
}
Event: 11.233 GC heap before
{Heap before GC invocations=14 (full 0):
 garbage-first heap   total 69632K, used 56508K [0x0000000609400000, 0x0000000800000000)
  region size 4096K, 7 young (28672K), 1 survivors (4096K)
 Metaspace       used 45760K, committed 46528K, reserved 1114112K
  class space    used 6364K, committed 6720K, reserved 1048576K
}
Event: 11.235 GC heap after
{Heap after GC invocations=15 (full 0):
 garbage-first heap   total 69632K, used 33497K [0x0000000609400000, 0x0000000800000000)
  region size 4096K, 1 young (4096K), 1 survivors (4096K)
 Metaspace       used 45760K, committed 46528K, reserved 1114112K
  class space    used 6364K, committed 6720K, reserved 1048576K
}
Event: 12.162 GC heap before
{Heap before GC invocations=16 (full 0):
 garbage-first heap   total 69632K, used 58073K [0x0000000609400000, 0x0000000800000000)
  region size 4096K, 7 young (28672K), 1 survivors (4096K)
 Metaspace       used 52317K, committed 52992K, reserved 1114112K
  class space    used 7435K, committed 7744K, reserved 1048576K
}

